{"level":"info","message":"Express server running","service":"user-service","timestamp":"2025-11-10T11:14:41.516Z"}
{"level":"info","message":"Express server running","service":"user-service","timestamp":"2025-11-10T11:31:43.571Z"}
{"level":"info","message":"Express server running","service":"user-service","timestamp":"2025-11-10T11:42:44.746Z"}
{"level":"info","message":"Express server running","service":"user-service","timestamp":"2025-11-10T11:52:23.540Z"}
{"level":"info","message":"Express server running","service":"user-service","timestamp":"2025-11-10T14:03:01.150Z"}
{"level":"info","message":"Express server running","service":"user-service","timestamp":"2025-11-10T14:03:47.002Z"}
{"level":"info","message":"Express server running","service":"user-service","timestamp":"2025-11-10T14:04:09.032Z"}
{"level":"info","message":"Express server running","service":"user-service","timestamp":"2025-11-10T14:04:16.664Z"}
{"level":"error","message":"Express Server failure","service":"user-service","timestamp":"2025-11-10T14:05:21.917Z"}
{"level":"error","service":"user-service","timestamp":"2025-11-10T14:05:21.919Z"}
{"level":"error","message":"Express Server failure","service":"user-service","timestamp":"2025-11-10T14:05:24.629Z"}
{"level":"error","service":"user-service","timestamp":"2025-11-10T14:05:24.632Z"}
{"level":"error","message":"Express Server failure","service":"user-service","timestamp":"2025-11-10T14:10:18.528Z"}
{"level":"error","service":"user-service","timestamp":"2025-11-10T14:10:18.531Z"}
{"level":"error","message":"Express Server failure","service":"user-service","timestamp":"2025-11-10T14:10:24.236Z"}
{"level":"error","service":"user-service","timestamp":"2025-11-10T14:10:24.238Z"}
{"level":"error","message":"Express Server failure","service":"user-service","timestamp":"2025-11-10T14:13:57.639Z"}
{"level":"error","service":"user-service","timestamp":"2025-11-10T14:13:57.640Z"}
{"level":"error","message":"Express Server failure","service":"user-service","timestamp":"2025-11-10T14:30:59.037Z"}
{"level":"error","service":"user-service","timestamp":"2025-11-10T14:30:59.038Z"}
{"level":"error","message":"Express Server failure","service":"user-service","timestamp":"2025-11-10T14:32:44.207Z"}
{"level":"error","service":"user-service","timestamp":"2025-11-10T14:32:44.209Z"}
{"level":"error","message":"Express Server failure","service":"user-service","timestamp":"2025-11-10T14:33:03.572Z"}
{"level":"error","service":"user-service","timestamp":"2025-11-10T14:33:03.573Z"}
{"level":"error","message":"Express Server failure","service":"user-service","timestamp":"2025-11-10T14:33:06.143Z"}
{"level":"error","service":"user-service","timestamp":"2025-11-10T14:33:06.144Z"}
{"level":"error","message":"Express Server failure","service":"user-service","timestamp":"2025-11-10T14:33:24.051Z"}
{"level":"error","service":"user-service","timestamp":"2025-11-10T14:33:24.053Z"}
{"level":"error","message":"Express Server failure","service":"user-service","timestamp":"2025-11-10T14:33:26.563Z"}
{"level":"error","service":"user-service","timestamp":"2025-11-10T14:33:26.565Z"}
{"level":"error","message":"Express Server failure","service":"user-service","timestamp":"2025-11-10T14:40:50.013Z"}
{"level":"error","message":"Express Server failure","service":"user-service","timestamp":"2025-11-10T14:41:07.802Z"}
{"level":"error","service":"user-service","timestamp":"2025-11-10T14:41:07.804Z"}
{"level":"error","message":"Express Server failure","service":"user-service","timestamp":"2025-11-10T14:41:16.535Z"}
{"error":{},"level":"error","message":"Express Server failure","service":"user-service","timestamp":"2025-11-10T14:43:13.535Z"}
{"error":{},"level":"error","message":"Express Server failure","service":"user-service","timestamp":"2025-11-10T14:44:31.334Z"}
{"level":"info","message":"Express server running","service":"user-service","timestamp":"2025-11-10T14:44:38.860Z"}
{"level":"info","message":"Express server running","service":"user-service","timestamp":"2025-11-10T14:46:26.621Z"}
{"level":"info","message":"Express server running","service":"user-service","timestamp":"2025-11-10T14:46:29.048Z"}
{"level":"info","message":"Express server running","service":"user-service","timestamp":"2025-11-10T14:46:33.339Z"}
{"level":"info","message":"Express server running","service":"user-service","timestamp":"2025-11-10T14:46:35.484Z"}
{"level":"info","message":"Express server running","service":"user-service","timestamp":"2025-11-10T14:46:51.312Z"}
{"level":"info","message":"Express server running","service":"user-service","timestamp":"2025-11-10T14:46:52.606Z"}
{"level":"info","message":"Express server running","service":"user-service","timestamp":"2025-11-10T14:47:00.163Z"}
{"level":"info","message":"Express server running","service":"user-service","timestamp":"2025-11-10T14:47:02.042Z"}
{"level":"info","message":"Express server running","service":"user-service","timestamp":"2025-11-10T14:47:09.464Z"}
{"level":"info","message":"Express server running","service":"user-service","timestamp":"2025-11-10T14:47:10.940Z"}
{"level":"info","message":"Express server running","service":"user-service","timestamp":"2025-11-10T14:47:14.187Z"}
{"level":"info","message":"Express server running","service":"user-service","timestamp":"2025-11-10T14:47:39.378Z"}
{"level":"info","message":"Express server running","service":"user-service","timestamp":"2025-11-10T14:47:42.947Z"}
{"level":"info","message":"Express server running","service":"user-service","timestamp":"2025-11-10T14:47:46.192Z"}
{"level":"info","message":"Express server running","service":"user-service","timestamp":"2025-11-10T14:47:51.435Z"}
{"level":"info","message":"Express server running","service":"user-service","timestamp":"2025-11-10T14:47:52.943Z"}
{"level":"info","message":"Express server running","service":"user-service","timestamp":"2025-11-10T14:48:00.773Z"}
{"level":"info","message":"Express server running","service":"user-service","timestamp":"2025-11-10T14:48:19.667Z"}
{"level":"info","message":"Express server running","service":"user-service","timestamp":"2025-11-10T14:50:43.408Z"}
{"level":"info","message":"Express server running","service":"user-service","timestamp":"2025-11-10T14:51:27.677Z"}
{"level":"info","message":"Express server running","service":"user-service","timestamp":"2025-11-10T14:52:50.829Z"}
{"level":"info","message":"Express server running","service":"user-service","timestamp":"2025-11-10T15:01:05.862Z"}
{"level":"info","message":"Express server running","service":"user-service","timestamp":"2025-11-10T15:01:07.811Z"}
{"level":"info","message":"Express server running","service":"user-service","timestamp":"2025-11-10T15:01:11.146Z"}
{"level":"info","message":"Express server running","service":"user-service","timestamp":"2025-11-10T15:01:20.926Z"}
{"level":"info","message":"Express server running","service":"user-service","timestamp":"2025-11-10T15:01:28.765Z"}
{"level":"info","message":"Express server running","service":"user-service","timestamp":"2025-11-10T15:01:32.395Z"}
{"level":"info","message":"Express server running","service":"user-service","timestamp":"2025-11-10T15:01:41.376Z"}
{"level":"info","message":"Express server running","service":"user-service","timestamp":"2025-11-10T15:01:43.097Z"}
{"level":"info","message":"Express server running","service":"user-service","timestamp":"2025-11-10T15:02:10.974Z"}
{"level":"info","message":"Express server running","service":"user-service","timestamp":"2025-11-10T15:03:00.555Z"}
{"level":"info","message":"Express server running","service":"user-service","timestamp":"2025-11-10T15:03:06.612Z"}
{"level":"info","message":"Express server running","service":"user-service","timestamp":"2025-11-10T15:03:13.284Z"}
{"level":"info","message":"Express server running","service":"user-service","timestamp":"2025-11-10T15:03:16.283Z"}
{"level":"info","message":"Express server running","service":"user-service","timestamp":"2025-11-10T15:03:20.502Z"}
{"level":"info","message":"Express server running","service":"user-service","timestamp":"2025-11-10T15:03:22.336Z"}
{"level":"info","message":"Express server running","service":"user-service","timestamp":"2025-11-10T15:03:25.757Z"}
{"level":"info","message":"Express server running","service":"user-service","timestamp":"2025-11-10T15:03:37.995Z"}
{"level":"info","message":"Express server running","service":"user-service","timestamp":"2025-11-10T15:04:38.026Z"}
{"level":"info","message":"Express server running","service":"user-service","timestamp":"2025-11-10T15:04:41.189Z"}
{"level":"info","message":"Express server running","service":"user-service","timestamp":"2025-11-10T15:05:15.893Z"}
{"level":"info","message":"Express server running","service":"user-service","timestamp":"2025-11-10T15:05:55.429Z"}
{"level":"info","message":"Express server running","service":"user-service","timestamp":"2025-11-10T15:06:50.773Z"}
{"level":"info","message":"Express server running","service":"user-service","timestamp":"2025-11-10T15:06:57.009Z"}
{"level":"info","message":"Express server running","service":"user-service","timestamp":"2025-11-10T15:06:59.635Z"}
{"level":"info","message":"Express server running","service":"user-service","timestamp":"2025-11-10T15:07:01.812Z"}
{"level":"info","message":"Express server running","service":"user-service","timestamp":"2025-11-10T15:08:11.387Z"}
{"level":"info","message":"Express server running","service":"user-service","timestamp":"2025-11-10T15:08:53.352Z"}
{"level":"info","message":"Express server running","service":"user-service","timestamp":"2025-11-10T15:17:22.157Z"}
{"level":"info","message":"Express server running","service":"user-service","timestamp":"2025-11-10T15:20:18.800Z"}
{"level":"info","message":"Express server running","service":"user-service","timestamp":"2025-11-10T15:24:26.622Z"}
{"level":"info","message":"Express server running","service":"user-service","timestamp":"2025-11-10T15:24:30.800Z"}
{"level":"error","message":"Express Server failure","service":"user-service","timestamp":"2025-11-10T15:24:43.051Z"}
{"level":"error","service":"user-service","timestamp":"2025-11-10T15:24:43.068Z"}
{"level":"error","message":"Express Server failure","service":"user-service","timestamp":"2025-11-10T15:25:01.000Z"}
{"level":"error","service":"user-service","timestamp":"2025-11-10T15:25:01.002Z"}
{"level":"error","message":"Express Server failure","service":"user-service","timestamp":"2025-11-10T15:26:35.029Z"}
{"level":"error","service":"user-service","timestamp":"2025-11-10T15:26:35.207Z"}
{"level":"info","message":"Express server running","service":"user-service","timestamp":"2025-11-10T15:33:33.278Z"}
{"level":"info","message":"Express server running","service":"user-service","timestamp":"2025-11-10T15:44:33.432Z"}
{"level":"info","message":"Express server running","service":"user-service","timestamp":"2025-11-10T15:53:30.803Z"}
{"level":"info","message":"Express server running","service":"user-service","timestamp":"2025-11-10T15:56:29.128Z"}
{"level":"info","message":"Express server running","service":"user-service","timestamp":"2025-11-10T15:57:03.289Z"}
{"level":"info","message":"Express server running","service":"user-service","timestamp":"2025-11-10T16:00:07.431Z"}
{"level":"info","message":"Express server running","service":"user-service","timestamp":"2025-11-10T16:28:10.268Z"}
{"level":"info","message":"Express server running","service":"user-service","timestamp":"2025-11-10T16:30:50.896Z"}
{"level":"info","message":"Express server running","service":"user-service","timestamp":"2025-11-10T16:40:02.299Z"}
{"level":"info","message":"Express server running","service":"user-service","timestamp":"2025-11-10T16:43:10.581Z"}
{"level":"info","message":"Express server running","service":"user-service","timestamp":"2025-11-10T16:46:21.425Z"}
{"level":"info","message":"Express server running","service":"user-service","timestamp":"2025-11-10T16:46:41.784Z"}
{"level":"info","message":"Express server running","service":"user-service","timestamp":"2025-11-10T16:48:12.514Z"}
{"level":"info","message":"Express server running","service":"user-service","timestamp":"2025-11-10T16:49:02.976Z"}
{"level":"info","message":"Express server running","service":"user-service","timestamp":"2025-11-10T16:49:59.103Z"}
{"level":"info","message":"Express server running","service":"user-service","timestamp":"2025-11-10T16:52:35.814Z"}
{"level":"info","message":"Express server running","service":"user-service","timestamp":"2025-11-10T16:53:11.797Z"}
{"level":"info","message":"Express server running","service":"user-service","timestamp":"2025-11-10T16:55:26.786Z"}
{"level":"info","message":"Express server running","service":"user-service","timestamp":"2025-11-10T16:56:42.919Z"}
{"level":"info","message":"Express server running","service":"user-service","timestamp":"2025-11-10T16:57:09.480Z"}
{"level":"info","message":"Express server running","service":"user-service","timestamp":"2025-11-10T16:58:59.461Z"}
{"level":"info","message":"Express server running","service":"user-service","timestamp":"2025-11-10T16:59:08.053Z"}
{"level":"info","message":"Express server running","service":"user-service","timestamp":"2025-11-10T16:59:13.673Z"}
{"level":"info","message":"Express server running","service":"user-service","timestamp":"2025-11-10T16:59:19.878Z"}
{"level":"info","message":"Express server running","service":"user-service","timestamp":"2025-11-10T16:59:26.475Z"}
{"level":"info","message":"Express server running","service":"user-service","timestamp":"2025-11-10T16:59:49.269Z"}
{"level":"info","message":"Express server running","service":"user-service","timestamp":"2025-11-10T17:00:15.478Z"}
{"level":"info","message":"Express server running","service":"user-service","timestamp":"2025-11-10T17:00:18.101Z"}
{"level":"info","message":"Express server running","service":"user-service","timestamp":"2025-11-10T17:02:05.815Z"}
{"level":"info","message":"Express server running","service":"user-service","timestamp":"2025-11-10T17:02:14.762Z"}
{"level":"info","message":"Express server running","service":"user-service","timestamp":"2025-11-10T17:04:13.637Z"}
{"level":"info","message":"Express server running","service":"user-service","timestamp":"2025-11-10T17:04:17.676Z"}
{"level":"info","message":"Express server running","service":"user-service","timestamp":"2025-11-10T17:04:41.849Z"}
{"level":"info","message":"Express server running","service":"user-service","timestamp":"2025-11-10T17:04:45.992Z"}
{"level":"info","message":"Express server running","service":"user-service","timestamp":"2025-11-10T17:05:15.552Z"}
{"level":"info","message":"Express server running","service":"user-service","timestamp":"2025-11-10T17:06:47.331Z"}
{"level":"info","message":"Express server running","service":"user-service","timestamp":"2025-11-10T17:08:04.241Z"}
{"level":"info","message":"Express server running","service":"user-service","timestamp":"2025-11-10T17:08:26.483Z"}
{"level":"info","message":"Express server running","service":"user-service","timestamp":"2025-11-10T17:09:31.523Z"}
{"level":"info","message":"Express server running","service":"user-service","timestamp":"2025-11-10T17:09:41.606Z"}
{"level":"info","message":"Express server running","service":"user-service","timestamp":"2025-11-10T17:09:50.964Z"}
{"level":"info","message":"Express server running","service":"user-service","timestamp":"2025-11-10T17:09:53.433Z"}
{"level":"info","message":"Express server running","service":"user-service","timestamp":"2025-11-10T17:10:02.248Z"}
{"level":"info","message":"Express server running","service":"user-service","timestamp":"2025-11-10T17:10:06.482Z"}
{"level":"info","message":"Express server running","service":"user-service","timestamp":"2025-11-10T17:10:30.025Z"}
{"level":"info","message":"Express server running","service":"user-service","timestamp":"2025-11-10T17:11:04.634Z"}
{"level":"info","message":"Express server running","service":"user-service","timestamp":"2025-11-10T17:11:28.151Z"}
{"level":"info","message":"Express server running","service":"user-service","timestamp":"2025-11-10T17:11:31.467Z"}
{"level":"info","message":"Express server running","service":"user-service","timestamp":"2025-11-10T17:11:36.650Z"}
{"level":"info","message":"Express server running","service":"user-service","timestamp":"2025-11-10T17:12:34.825Z"}
{"level":"info","message":"Express server running","service":"user-service","timestamp":"2025-11-10T17:14:11.219Z"}
{"level":"info","message":"Express server running","service":"user-service","timestamp":"2025-11-10T17:14:23.437Z"}
{"level":"info","message":"Express server running","service":"user-service","timestamp":"2025-11-10T17:15:02.209Z"}
{"level":"info","message":"Express server running","service":"user-service","timestamp":"2025-11-10T17:15:05.258Z"}
{"level":"info","message":"Express server running","service":"user-service","timestamp":"2025-11-10T17:15:12.101Z"}
{"level":"info","message":"Express server running","service":"user-service","timestamp":"2025-11-10T17:15:23.884Z"}
{"level":"info","message":"Express server running","service":"user-service","timestamp":"2025-11-10T17:15:27.853Z"}
{"level":"info","message":"Express server running","service":"user-service","timestamp":"2025-11-10T17:15:30.671Z"}
{"level":"info","message":"Express server running","service":"user-service","timestamp":"2025-11-10T17:15:52.105Z"}
{"level":"info","message":"Express server running","service":"user-service","timestamp":"2025-11-10T17:16:01.448Z"}
{"level":"info","message":"Express server running","service":"user-service","timestamp":"2025-11-10T17:16:04.711Z"}
{"level":"info","message":"Express server running","service":"user-service","timestamp":"2025-11-10T17:16:07.070Z"}
{"level":"info","message":"Express server running","service":"user-service","timestamp":"2025-11-10T17:17:02.269Z"}
{"level":"info","message":"Express server running","service":"user-service","timestamp":"2025-11-10T17:17:05.507Z"}
{"level":"info","message":"Express server running","service":"user-service","timestamp":"2025-11-10T17:17:12.824Z"}
{"level":"info","message":"Express server running","service":"user-service","timestamp":"2025-11-10T17:17:15.538Z"}
{"level":"info","message":"Express server running","service":"user-service","timestamp":"2025-11-10T17:17:19.621Z"}
{"level":"info","message":"Express server running","service":"user-service","timestamp":"2025-11-10T17:27:55.664Z"}
{"level":"info","message":"Express server running","service":"user-service","timestamp":"2025-11-10T17:28:53.721Z"}
{"level":"info","message":"Express server running","service":"user-service","timestamp":"2025-11-10T17:30:08.478Z"}
{"level":"info","message":"Express server running","service":"user-service","timestamp":"2025-11-10T17:30:24.720Z"}
{"level":"info","message":"Express server running","service":"user-service","timestamp":"2025-11-10T17:30:39.920Z"}
{"level":"info","message":"Express server running","service":"user-service","timestamp":"2025-11-10T17:30:41.987Z"}
{"level":"info","message":"Express server running","service":"user-service","timestamp":"2025-11-10T17:30:49.267Z"}
{"level":"info","message":"Express server running","service":"user-service","timestamp":"2025-11-10T17:31:15.949Z"}
{"level":"info","message":"Express server running","service":"user-service","timestamp":"2025-11-10T17:31:19.680Z"}
{"level":"info","message":"Express server running","service":"user-service","timestamp":"2025-11-10T17:31:24.274Z"}
{"level":"info","message":"Express server running","service":"user-service","timestamp":"2025-11-10T17:31:27.090Z"}
{"level":"info","message":"Express server running","service":"user-service","timestamp":"2025-11-10T17:31:37.108Z"}
{"level":"info","message":"Express server running","service":"user-service","timestamp":"2025-11-10T17:31:39.664Z"}
{"level":"info","message":"Express server running","service":"user-service","timestamp":"2025-11-10T17:31:41.666Z"}
{"level":"info","message":"Express server running","service":"user-service","timestamp":"2025-11-10T17:32:01.487Z"}
{"level":"info","message":"Express server running","service":"user-service","timestamp":"2025-11-10T17:32:03.669Z"}
{"level":"info","message":"Express server running","service":"user-service","timestamp":"2025-11-10T17:32:05.123Z"}
{"level":"info","message":"Express server running","service":"user-service","timestamp":"2025-11-10T17:32:11.552Z"}
{"level":"info","message":"Express server running","service":"user-service","timestamp":"2025-11-10T17:32:15.716Z"}
{"level":"info","message":"Express server running","service":"user-service","timestamp":"2025-11-10T17:32:18.270Z"}
{"level":"info","message":"Express server running","service":"user-service","timestamp":"2025-11-10T17:32:20.045Z"}
{"level":"info","message":"Express server running","service":"user-service","timestamp":"2025-11-10T17:32:24.833Z"}
{"level":"info","message":"Express server running","service":"user-service","timestamp":"2025-11-10T17:32:32.059Z"}
{"level":"info","message":"Express server running","service":"user-service","timestamp":"2025-11-10T17:32:34.202Z"}
{"level":"info","message":"Express server running","service":"user-service","timestamp":"2025-11-10T17:32:41.858Z"}
{"level":"info","message":"Express server running","service":"user-service","timestamp":"2025-11-10T17:32:45.814Z"}
{"level":"info","message":"Express server running","service":"user-service","timestamp":"2025-11-10T17:32:50.972Z"}
{"level":"info","message":"Express server running","service":"user-service","timestamp":"2025-11-10T17:33:14.621Z"}
{"level":"info","message":"Express server running","service":"user-service","timestamp":"2025-11-10T17:33:16.009Z"}
{"level":"info","message":"Express server running","service":"user-service","timestamp":"2025-11-10T17:33:21.265Z"}
{"level":"info","message":"Express server running","service":"user-service","timestamp":"2025-11-10T17:33:24.374Z"}
{"level":"info","message":"Express server running","service":"user-service","timestamp":"2025-11-10T17:33:34.009Z"}
{"level":"info","message":"Express server running","service":"user-service","timestamp":"2025-11-10T17:33:35.373Z"}
{"level":"info","message":"Express server running","service":"user-service","timestamp":"2025-11-10T17:34:59.716Z"}
{"level":"info","message":"Express server running","service":"user-service","timestamp":"2025-11-10T17:35:04.442Z"}
{"level":"info","message":"Express server running","service":"user-service","timestamp":"2025-11-10T17:35:12.595Z"}
{"level":"info","message":"Express server running","service":"user-service","timestamp":"2025-11-10T17:35:18.352Z"}
{"level":"info","message":"Express server running","service":"user-service","timestamp":"2025-11-10T17:35:20.260Z"}
{"level":"info","message":"Express server running","service":"user-service","timestamp":"2025-11-10T17:35:27.265Z"}
{"level":"info","message":"Express server running","service":"user-service","timestamp":"2025-11-10T17:35:30.127Z"}
{"level":"info","message":"Express server running","service":"user-service","timestamp":"2025-11-10T17:35:32.282Z"}
{"level":"info","message":"Express server running","service":"user-service","timestamp":"2025-11-10T17:35:37.572Z"}
{"level":"info","message":"Express server running","service":"user-service","timestamp":"2025-11-10T17:35:40.250Z"}
{"level":"info","message":"Express server running","service":"user-service","timestamp":"2025-11-10T17:35:45.436Z"}
{"level":"info","message":"Express server running","service":"user-service","timestamp":"2025-11-10T18:08:47.072Z"}
{"level":"info","message":"Express server running","service":"user-service","timestamp":"2025-11-10T18:08:50.181Z"}
{"level":"info","message":"Express server running","service":"user-service","timestamp":"2025-11-10T18:09:15.468Z"}
{"level":"info","message":"Express server running","service":"user-service","timestamp":"2025-11-10T18:10:26.198Z"}
{"level":"info","message":"Express server running","service":"user-service","timestamp":"2025-11-10T18:10:29.728Z"}
{"level":"info","message":"Express server running","service":"user-service","timestamp":"2025-11-10T18:11:13.883Z"}
{"level":"info","message":"Express server running","service":"user-service","timestamp":"2025-11-10T18:11:14.947Z"}
{"level":"info","message":"Express server running","service":"user-service","timestamp":"2025-11-10T18:11:18.988Z"}
{"level":"info","message":"Express server running","service":"user-service","timestamp":"2025-11-10T18:11:56.714Z"}
{"level":"info","message":"Express server running","service":"user-service","timestamp":"2025-11-10T18:12:06.711Z"}
{"level":"info","message":"Express server running","service":"user-service","timestamp":"2025-11-10T18:13:16.097Z"}
{"level":"info","message":"Express server running","service":"user-service","timestamp":"2025-11-10T18:13:34.305Z"}
{"level":"info","message":"Express server running","service":"user-service","timestamp":"2025-11-10T18:13:38.027Z"}
{"level":"info","message":"Express server running","service":"user-service","timestamp":"2025-11-12T08:50:31.365Z"}
{"level":"info","message":"Express server running","service":"user-service","timestamp":"2025-11-12T08:50:32.739Z"}
{"level":"info","message":"Express server running","service":"user-service","timestamp":"2025-11-12T08:54:07.406Z"}
{"level":"info","message":"Express server running","service":"user-service","timestamp":"2025-11-12T08:54:17.351Z"}
{"level":"info","message":"Express server running","service":"user-service","timestamp":"2025-11-12T08:54:48.271Z"}
{"level":"info","message":"Express server running","service":"user-service","timestamp":"2025-11-12T08:54:53.360Z"}
{"level":"info","message":"Express server running","service":"user-service","timestamp":"2025-11-12T08:54:56.740Z"}
{"level":"info","message":"Express server running","service":"user-service","timestamp":"2025-11-12T08:55:08.846Z"}
{"level":"info","message":"Express server running","service":"user-service","timestamp":"2025-11-12T08:55:19.263Z"}
{"level":"info","message":"Express server running","service":"user-service","timestamp":"2025-11-12T08:55:21.739Z"}
{"level":"info","message":"Express server running","service":"user-service","timestamp":"2025-11-12T08:55:25.488Z"}
{"level":"info","message":"Express server running","service":"user-service","timestamp":"2025-11-12T08:55:37.350Z"}
{"level":"info","message":"Express server running","service":"user-service","timestamp":"2025-11-12T08:55:39.191Z"}
{"level":"info","message":"Express server running","service":"user-service","timestamp":"2025-11-12T08:55:42.111Z"}
{"level":"info","message":"Express server running","service":"user-service","timestamp":"2025-11-12T08:55:43.306Z"}
{"level":"info","message":"Express server running","service":"user-service","timestamp":"2025-11-12T08:55:47.348Z"}
{"level":"info","message":"Express server running","service":"user-service","timestamp":"2025-11-12T08:56:16.257Z"}
{"level":"info","message":"Express server running","service":"user-service","timestamp":"2025-11-12T08:59:13.105Z"}
{"level":"info","message":"Express server running","service":"user-service","timestamp":"2025-11-12T09:00:36.825Z"}
{"level":"info","message":"Express server running","service":"user-service","timestamp":"2025-11-12T09:00:37.975Z"}
{"level":"info","message":"Express server running","service":"user-service","timestamp":"2025-11-12T09:00:39.644Z"}
{"level":"info","message":"Express server running","service":"user-service","timestamp":"2025-11-12T09:00:42.537Z"}
{"level":"info","message":"Express server running","service":"user-service","timestamp":"2025-11-12T09:00:46.684Z"}
{"level":"info","message":"Express server running","service":"user-service","timestamp":"2025-11-12T09:00:50.123Z"}
{"level":"info","message":"Express server running","service":"user-service","timestamp":"2025-11-12T09:00:53.622Z"}
{"level":"info","message":"Express server running","service":"user-service","timestamp":"2025-11-12T09:00:56.120Z"}
{"level":"info","message":"Express server running","service":"user-service","timestamp":"2025-11-12T09:01:00.060Z"}
{"level":"info","message":"Express server running","service":"user-service","timestamp":"2025-11-12T09:01:01.532Z"}
{"level":"info","message":"Express server running","service":"user-service","timestamp":"2025-11-12T09:01:03.490Z"}
{"level":"info","message":"Express server running","service":"user-service","timestamp":"2025-11-12T09:01:05.616Z"}
{"level":"info","message":"Express server running","service":"user-service","timestamp":"2025-11-12T09:01:09.862Z"}
{"level":"info","message":"Express server running","service":"user-service","timestamp":"2025-11-12T09:01:24.193Z"}
{"level":"info","message":"Express server running","service":"user-service","timestamp":"2025-11-12T09:01:34.431Z"}
{"level":"info","message":"Express server running","service":"user-service","timestamp":"2025-11-12T09:01:36.531Z"}
{"level":"info","message":"Express server running","service":"user-service","timestamp":"2025-11-12T09:01:57.725Z"}
{"level":"info","message":"Express server running","service":"user-service","timestamp":"2025-11-12T09:03:23.001Z"}
{"level":"info","message":"Express server running","service":"user-service","timestamp":"2025-11-12T09:03:25.320Z"}
{"level":"info","message":"Express server running","service":"user-service","timestamp":"2025-11-12T09:03:50.956Z"}
{"level":"info","message":"Express server running","service":"user-service","timestamp":"2025-11-12T09:03:56.220Z"}
{"level":"info","message":"Express server running","service":"user-service","timestamp":"2025-11-12T09:04:08.555Z"}
{"level":"info","message":"Express server running","service":"user-service","timestamp":"2025-11-12T09:07:43.687Z"}
{"level":"info","message":"Express server running","service":"user-service","timestamp":"2025-11-12T09:07:46.223Z"}
{"level":"info","message":"Express server running","service":"user-service","timestamp":"2025-11-12T09:08:06.631Z"}
{"level":"info","message":"Express server running","service":"user-service","timestamp":"2025-11-12T09:08:07.816Z"}
{"level":"info","message":"Express server running","service":"user-service","timestamp":"2025-11-12T09:08:59.570Z"}
{"level":"info","message":"Express server running","service":"user-service","timestamp":"2025-11-12T09:09:01.689Z"}
{"level":"info","message":"Express server running","service":"user-service","timestamp":"2025-11-12T09:09:18.704Z"}
{"level":"info","message":"Express server running","service":"user-service","timestamp":"2025-11-12T09:10:22.486Z"}
{"level":"info","message":"Express server running","service":"user-service","timestamp":"2025-11-12T09:10:24.008Z"}
{"level":"info","message":"Express server running","service":"user-service","timestamp":"2025-11-12T09:10:29.284Z"}
{"level":"info","message":"Express server running","service":"user-service","timestamp":"2025-11-12T09:10:32.553Z"}
{"level":"info","message":"Express server running","service":"user-service","timestamp":"2025-11-12T09:10:42.930Z"}
{"level":"info","message":"Express server running","service":"user-service","timestamp":"2025-11-12T09:10:58.606Z"}
{"level":"info","message":"Express server running","service":"user-service","timestamp":"2025-11-12T09:11:34.444Z"}
{"level":"info","message":"Express server running","service":"user-service","timestamp":"2025-11-12T09:15:44.935Z"}
{"level":"info","message":"Express server running","service":"user-service","timestamp":"2025-11-12T09:15:49.013Z"}
{"level":"info","message":"Express server running","service":"user-service","timestamp":"2025-11-12T09:15:51.219Z"}
{"level":"info","message":"Express server running","service":"user-service","timestamp":"2025-11-12T09:16:00.589Z"}
{"level":"info","message":"Express server running","service":"user-service","timestamp":"2025-11-12T09:16:05.549Z"}
{"level":"info","message":"Express server running","service":"user-service","timestamp":"2025-11-12T09:16:10.223Z"}
{"level":"info","message":"Express server running","service":"user-service","timestamp":"2025-11-12T09:16:16.798Z"}
{"level":"info","message":"Express server running","service":"user-service","timestamp":"2025-11-12T09:16:21.631Z"}
{"level":"info","message":"Express server running","service":"user-service","timestamp":"2025-11-12T09:16:23.699Z"}
{"level":"info","message":"Express server running","service":"user-service","timestamp":"2025-11-12T09:16:26.447Z"}
{"level":"info","message":"Express server running","service":"user-service","timestamp":"2025-11-12T09:16:28.075Z"}
{"level":"info","message":"Express server running","service":"user-service","timestamp":"2025-11-12T09:16:30.980Z"}
{"level":"info","message":"Express server running","service":"user-service","timestamp":"2025-11-12T09:16:39.622Z"}
{"level":"info","message":"Express server running","service":"user-service","timestamp":"2025-11-12T09:16:44.406Z"}
{"level":"info","message":"Express server running","service":"user-service","timestamp":"2025-11-12T09:16:48.905Z"}
{"level":"info","message":"Express server running","service":"user-service","timestamp":"2025-11-12T09:16:52.515Z"}
{"level":"info","message":"Express server running","service":"user-service","timestamp":"2025-11-12T09:16:56.145Z"}
{"level":"info","message":"Express server running","service":"user-service","timestamp":"2025-11-12T09:17:10.317Z"}
{"level":"info","message":"Express server running","service":"user-service","timestamp":"2025-11-12T11:16:42.977Z"}
{"level":"info","message":"Express server running","service":"user-service","timestamp":"2025-11-12T11:17:40.328Z"}
{"level":"info","message":"Express server running","service":"user-service","timestamp":"2025-11-12T11:17:45.532Z"}
{"level":"info","message":"Express server running","service":"user-service","timestamp":"2025-11-12T11:17:48.259Z"}
{"level":"info","message":"Express server running","service":"user-service","timestamp":"2025-11-12T11:17:51.640Z"}
{"level":"info","message":"Express server running","service":"user-service","timestamp":"2025-11-12T11:17:54.534Z"}
{"level":"info","message":"Express server running","service":"user-service","timestamp":"2025-11-12T11:17:56.484Z"}
{"level":"info","message":"Express server running","service":"user-service","timestamp":"2025-11-12T11:18:02.345Z"}
{"level":"info","message":"Express server running","service":"user-service","timestamp":"2025-11-12T11:18:05.805Z"}
{"level":"info","message":"Express server running","service":"user-service","timestamp":"2025-11-12T11:18:08.163Z"}
{"level":"info","message":"Express server running","service":"user-service","timestamp":"2025-11-12T11:18:12.366Z"}
{"level":"info","message":"Express server running","service":"user-service","timestamp":"2025-11-12T11:18:13.621Z"}
{"level":"info","message":"Express server running","service":"user-service","timestamp":"2025-11-12T11:18:18.374Z"}
{"level":"info","message":"Express server running","service":"user-service","timestamp":"2025-11-12T11:18:20.585Z"}
{"level":"info","message":"Express server running","service":"user-service","timestamp":"2025-11-12T11:18:22.058Z"}
{"level":"info","message":"Express server running","service":"user-service","timestamp":"2025-11-12T11:18:34.756Z"}
{"level":"info","message":"Express server running","service":"user-service","timestamp":"2025-11-12T11:18:36.003Z"}
{"level":"info","message":"Express server running","service":"user-service","timestamp":"2025-11-12T11:18:37.488Z"}
{"level":"info","message":"Express server running","service":"user-service","timestamp":"2025-11-12T11:18:42.080Z"}
{"level":"info","message":"Express server running","service":"user-service","timestamp":"2025-11-12T11:20:45.821Z"}
{"level":"info","message":"Express server running","service":"user-service","timestamp":"2025-11-12T11:20:52.220Z"}
{"level":"info","message":"Express server running","service":"user-service","timestamp":"2025-11-12T11:21:28.907Z"}
{"level":"info","message":"Express server running","service":"user-service","timestamp":"2025-11-12T11:21:31.413Z"}
{"level":"info","message":"Express server running","service":"user-service","timestamp":"2025-11-12T11:21:35.049Z"}
{"level":"info","message":"Express server running","service":"user-service","timestamp":"2025-11-12T11:22:17.002Z"}
{"level":"info","message":"Express server running","service":"user-service","timestamp":"2025-11-12T11:22:19.048Z"}
{"level":"info","message":"Express server running","service":"user-service","timestamp":"2025-11-12T11:22:33.757Z"}
{"level":"info","message":"Express server running","service":"user-service","timestamp":"2025-11-12T11:22:38.169Z"}
{"level":"info","message":"Express server running","service":"user-service","timestamp":"2025-11-12T11:22:40.096Z"}
{"level":"info","message":"Express server running","service":"user-service","timestamp":"2025-11-12T11:22:42.812Z"}
{"level":"info","message":"Express server running","service":"user-service","timestamp":"2025-11-12T11:23:13.103Z"}
{"level":"info","message":"Express server running","service":"user-service","timestamp":"2025-11-12T11:23:34.648Z"}
{"level":"info","message":"Express server running","service":"user-service","timestamp":"2025-11-12T11:23:36.194Z"}
{"level":"info","message":"Express server running","service":"user-service","timestamp":"2025-11-12T11:23:47.076Z"}
{"level":"info","message":"Express server running","service":"user-service","timestamp":"2025-11-12T11:23:52.418Z"}
{"level":"info","message":"Express server running","service":"user-service","timestamp":"2025-11-12T11:23:58.366Z"}
{"level":"info","message":"Express server running","service":"user-service","timestamp":"2025-11-12T11:24:07.134Z"}
{"level":"info","message":"Express server running","service":"user-service","timestamp":"2025-11-12T11:24:19.424Z"}
{"level":"info","message":"Express server running","service":"user-service","timestamp":"2025-11-12T11:24:20.883Z"}
{"level":"info","message":"Express server running","service":"user-service","timestamp":"2025-11-12T11:24:22.940Z"}
{"level":"info","message":"Express server running","service":"user-service","timestamp":"2025-11-12T11:24:24.861Z"}
{"level":"info","message":"Express server running","service":"user-service","timestamp":"2025-11-12T11:24:26.031Z"}
{"level":"info","message":"Express server running","service":"user-service","timestamp":"2025-11-12T11:24:28.535Z"}
{"level":"info","message":"Express server running","service":"user-service","timestamp":"2025-11-12T11:24:53.297Z"}
{"level":"info","message":"Express server running","service":"user-service","timestamp":"2025-11-12T11:24:54.500Z"}
{"level":"info","message":"Express server running","service":"user-service","timestamp":"2025-11-12T11:24:57.408Z"}
{"level":"info","message":"Express server running","service":"user-service","timestamp":"2025-11-12T11:24:59.521Z"}
{"level":"info","message":"Express server running","service":"user-service","timestamp":"2025-11-12T11:25:01.054Z"}
{"level":"info","message":"Express server running","service":"user-service","timestamp":"2025-11-12T11:25:02.090Z"}
{"level":"info","message":"Express server running","service":"user-service","timestamp":"2025-11-12T11:25:15.366Z"}
{"level":"info","message":"Express server running","service":"user-service","timestamp":"2025-11-12T11:25:23.839Z"}
{"level":"info","message":"Express server running","service":"user-service","timestamp":"2025-11-12T11:25:27.877Z"}
{"level":"info","message":"Express server running","service":"user-service","timestamp":"2025-11-12T11:25:34.132Z"}
{"level":"info","message":"Express server running","service":"user-service","timestamp":"2025-11-12T11:25:39.836Z"}
{"level":"info","message":"Express server running","service":"user-service","timestamp":"2025-11-12T11:35:12.516Z"}
{"level":"info","message":"Express server running","service":"user-service","timestamp":"2025-11-12T11:36:22.871Z"}
{"level":"info","message":"Express server running","service":"user-service","timestamp":"2025-11-12T11:36:40.669Z"}
{"level":"info","message":"Express server running","service":"user-service","timestamp":"2025-11-12T11:36:51.007Z"}
{"level":"info","message":"Express server running","service":"user-service","timestamp":"2025-11-12T11:36:52.087Z"}
{"level":"info","message":"Express server running","service":"user-service","timestamp":"2025-11-12T11:38:17.496Z"}
{"level":"info","message":"Express server running","service":"user-service","timestamp":"2025-11-12T11:38:55.720Z"}
{"level":"info","message":"Express server running","service":"user-service","timestamp":"2025-11-12T11:38:57.307Z"}
{"level":"info","message":"Express server running","service":"user-service","timestamp":"2025-11-12T11:39:29.835Z"}
{"level":"info","message":"Express server running","service":"user-service","timestamp":"2025-11-12T11:39:38.253Z"}
{"level":"info","message":"Express server running","service":"user-service","timestamp":"2025-11-12T11:39:40.772Z"}
{"level":"info","message":"Express server running","service":"user-service","timestamp":"2025-11-12T11:39:42.515Z"}
{"level":"info","message":"Express server running","service":"user-service","timestamp":"2025-11-12T11:39:45.762Z"}
{"level":"info","message":"Express server running","service":"user-service","timestamp":"2025-11-12T11:39:47.078Z"}
{"level":"info","message":"Express server running","service":"user-service","timestamp":"2025-11-12T11:42:11.030Z"}
{"level":"info","message":"Express server running","service":"user-service","timestamp":"2025-11-12T11:42:26.182Z"}
{"level":"info","message":"Express server running","service":"user-service","timestamp":"2025-11-12T11:42:31.971Z"}
{"level":"info","message":"Express server running","service":"user-service","timestamp":"2025-11-12T11:42:33.231Z"}
{"level":"info","message":"Express server running","service":"user-service","timestamp":"2025-11-12T11:42:36.658Z"}
{"level":"info","message":"Express server running","service":"user-service","timestamp":"2025-11-12T11:42:39.634Z"}
{"level":"info","message":"Express server running","service":"user-service","timestamp":"2025-11-12T11:42:41.186Z"}
{"level":"info","message":"Express server running","service":"user-service","timestamp":"2025-11-12T11:42:43.344Z"}
{"level":"info","message":"Express server running","service":"user-service","timestamp":"2025-11-12T11:42:45.912Z"}
{"level":"info","message":"Express server running","service":"user-service","timestamp":"2025-11-12T11:42:50.266Z"}
{"level":"info","message":"Express server running","service":"user-service","timestamp":"2025-11-12T11:43:01.154Z"}
{"level":"info","message":"Express server running","service":"user-service","timestamp":"2025-11-12T11:43:03.712Z"}
{"level":"info","message":"Express server running","service":"user-service","timestamp":"2025-11-12T11:43:07.420Z"}
{"level":"info","message":"Express server running","service":"user-service","timestamp":"2025-11-12T11:43:09.050Z"}
{"level":"info","message":"Express server running","service":"user-service","timestamp":"2025-11-12T11:43:11.236Z"}
{"level":"info","message":"Express server running","service":"user-service","timestamp":"2025-11-12T11:43:13.681Z"}
{"level":"info","message":"Express server running","service":"user-service","timestamp":"2025-11-12T11:43:20.668Z"}
{"level":"info","message":"Express server running","service":"user-service","timestamp":"2025-11-12T11:43:22.672Z"}
{"level":"info","message":"Express server running","service":"user-service","timestamp":"2025-11-12T11:43:25.985Z"}
{"level":"info","message":"Express server running","service":"user-service","timestamp":"2025-11-12T11:43:28.457Z"}
{"level":"info","message":"Express server running","service":"user-service","timestamp":"2025-11-12T11:43:30.664Z"}
{"level":"info","message":"Express server running","service":"user-service","timestamp":"2025-11-12T11:43:32.563Z"}
{"level":"info","message":"Express server running","service":"user-service","timestamp":"2025-11-12T11:43:44.075Z"}
{"level":"info","message":"Express server running","service":"user-service","timestamp":"2025-11-12T11:43:47.165Z"}
{"level":"info","message":"Express server running","service":"user-service","timestamp":"2025-11-12T11:43:53.540Z"}
{"level":"info","message":"Express server running","service":"user-service","timestamp":"2025-11-12T11:44:02.466Z"}
{"level":"info","message":"Express server running","service":"user-service","timestamp":"2025-11-12T11:44:26.066Z"}
{"level":"info","message":"Express server running","service":"user-service","timestamp":"2025-11-12T11:45:34.256Z"}
{"level":"info","message":"Express server running","service":"user-service","timestamp":"2025-11-12T11:45:40.402Z"}
{"level":"info","message":"Express server running","service":"user-service","timestamp":"2025-11-12T11:46:17.255Z"}
{"level":"info","message":"Express server running","service":"user-service","timestamp":"2025-11-12T11:47:58.361Z"}
{"level":"info","message":"Express server running","service":"user-service","timestamp":"2025-11-12T11:48:00.027Z"}
{"level":"info","message":"Express server running","service":"user-service","timestamp":"2025-11-12T11:48:55.471Z"}
{"level":"info","message":"Express server running","service":"user-service","timestamp":"2025-11-12T11:50:46.278Z"}
{"level":"info","message":"Express server running","service":"user-service","timestamp":"2025-11-12T11:50:51.037Z"}
{"level":"info","message":"Express server running","service":"user-service","timestamp":"2025-11-12T11:54:43.373Z"}
{"level":"info","message":"Express server running","service":"user-service","timestamp":"2025-11-12T11:54:50.677Z"}
{"level":"info","message":"Express server running","service":"user-service","timestamp":"2025-11-12T11:55:27.227Z"}
{"level":"info","message":"Express server running","service":"user-service","timestamp":"2025-11-12T11:55:33.932Z"}
{"level":"info","message":"Express server running","service":"user-service","timestamp":"2025-11-12T11:55:36.563Z"}
{"level":"info","message":"Express server running","service":"user-service","timestamp":"2025-11-12T11:55:48.268Z"}
{"level":"info","message":"Express server running","service":"user-service","timestamp":"2025-11-12T11:55:49.318Z"}
{"level":"info","message":"Express server running","service":"user-service","timestamp":"2025-11-12T11:55:50.992Z"}
{"level":"info","message":"Express server running","service":"user-service","timestamp":"2025-11-12T11:55:52.053Z"}
{"level":"info","message":"Express server running","service":"user-service","timestamp":"2025-11-12T12:03:42.150Z"}
{"level":"info","message":"Express server running","service":"user-service","timestamp":"2025-11-12T12:04:00.155Z"}
{"level":"info","message":"Express server running","service":"user-service","timestamp":"2025-11-12T12:04:01.551Z"}
{"level":"info","message":"Express server running","service":"user-service","timestamp":"2025-11-12T12:04:05.754Z"}
{"level":"info","message":"Express server running","service":"user-service","timestamp":"2025-11-12T12:04:10.384Z"}
{"level":"info","message":"Express server running","service":"user-service","timestamp":"2025-11-12T12:07:40.796Z"}
{"level":"info","message":"Express server running","service":"user-service","timestamp":"2025-11-12T12:08:15.315Z"}
{"level":"info","message":"Express server running","service":"user-service","timestamp":"2025-11-12T12:08:18.850Z"}
{"level":"info","message":"Express server running","service":"user-service","timestamp":"2025-11-12T12:08:21.618Z"}
{"level":"info","message":"Express server running","service":"user-service","timestamp":"2025-11-12T12:08:50.389Z"}
{"level":"info","message":"Express server running","service":"user-service","timestamp":"2025-11-12T12:08:52.020Z"}
{"level":"info","message":"Express server running","service":"user-service","timestamp":"2025-11-12T12:08:54.002Z"}
{"level":"info","message":"Express server running","service":"user-service","timestamp":"2025-11-12T12:08:56.233Z"}
{"level":"info","message":"Express server running","service":"user-service","timestamp":"2025-11-12T12:08:57.795Z"}
{"level":"info","message":"Express server running","service":"user-service","timestamp":"2025-11-12T12:10:00.199Z"}
{"level":"info","message":"Express server running","service":"user-service","timestamp":"2025-11-12T12:10:26.897Z"}
{"level":"info","message":"Express server running","service":"user-service","timestamp":"2025-11-12T12:10:28.300Z"}
{"level":"info","message":"Express server running","service":"user-service","timestamp":"2025-11-12T12:10:47.753Z"}
{"level":"info","message":"Express server running","service":"user-service","timestamp":"2025-11-12T12:11:10.359Z"}
{"level":"info","message":"Express server running","service":"user-service","timestamp":"2025-11-12T12:11:42.479Z"}
{"level":"info","message":"Express server running","service":"user-service","timestamp":"2025-11-12T12:11:52.991Z"}
{"level":"info","message":"Express server running","service":"user-service","timestamp":"2025-11-12T12:25:26.630Z"}
{"level":"info","message":"Express server running","service":"user-service","timestamp":"2025-11-12T12:25:29.682Z"}
{"level":"info","message":"Express server running","service":"user-service","timestamp":"2025-11-12T12:25:33.747Z"}
{"level":"info","message":"Express server running","service":"user-service","timestamp":"2025-11-12T12:25:36.113Z"}
{"level":"info","message":"Express server running","service":"user-service","timestamp":"2025-11-12T12:25:40.826Z"}
{"level":"info","message":"Express server running","service":"user-service","timestamp":"2025-11-12T12:25:43.152Z"}
{"level":"info","message":"Express server running","service":"user-service","timestamp":"2025-11-12T12:26:13.600Z"}
{"level":"info","message":"Express server running","service":"user-service","timestamp":"2025-11-12T12:26:17.261Z"}
{"level":"info","message":"Express server running","service":"user-service","timestamp":"2025-11-12T12:26:42.656Z"}
{"level":"info","message":"Express server running","service":"user-service","timestamp":"2025-11-12T12:31:18.303Z"}
{"level":"info","message":"Express server running","service":"user-service","timestamp":"2025-11-12T12:33:59.818Z"}
{"level":"info","message":"Express server running","service":"user-service","timestamp":"2025-11-12T12:47:13.088Z"}
{"level":"info","message":"Express server running","service":"user-service","timestamp":"2025-11-12T12:50:22.734Z"}
{"level":"info","message":"Express server running","service":"user-service","timestamp":"2025-11-12T12:50:24.471Z"}
{"level":"info","message":"Express server running","service":"user-service","timestamp":"2025-11-12T12:50:30.299Z"}
{"level":"info","message":"Express server running","service":"user-service","timestamp":"2025-11-12T12:50:32.839Z"}
{"level":"info","message":"Express server running","service":"user-service","timestamp":"2025-11-12T12:50:36.540Z"}
{"level":"info","message":"Express server running","service":"user-service","timestamp":"2025-11-12T12:50:51.722Z"}
{"level":"info","message":"Express server running","service":"user-service","timestamp":"2025-11-12T12:51:02.662Z"}
{"level":"info","message":"Express server running","service":"user-service","timestamp":"2025-11-12T12:51:05.299Z"}
{"level":"info","message":"Express server running","service":"user-service","timestamp":"2025-11-12T12:51:09.037Z"}
{"level":"info","message":"Express server running","service":"user-service","timestamp":"2025-11-12T12:51:31.738Z"}
{"level":"info","message":"Express server running","service":"user-service","timestamp":"2025-11-12T12:52:11.358Z"}
{"level":"info","message":"Express server running","service":"user-service","timestamp":"2025-11-12T12:52:30.420Z"}
{"level":"info","message":"Express server running","service":"user-service","timestamp":"2025-11-12T12:52:47.564Z"}
{"level":"info","message":"Express server running","service":"user-service","timestamp":"2025-11-12T12:52:54.835Z"}
{"level":"info","message":"Express server running","service":"user-service","timestamp":"2025-11-12T12:52:57.571Z"}
{"level":"info","message":"Express server running","service":"user-service","timestamp":"2025-11-12T12:53:00.075Z"}
{"level":"info","message":"Express server running","service":"user-service","timestamp":"2025-11-12T12:53:01.463Z"}
{"level":"info","message":"Express server running","service":"user-service","timestamp":"2025-11-12T12:53:07.418Z"}
{"level":"info","message":"Express server running","service":"user-service","timestamp":"2025-11-12T12:53:09.232Z"}
{"level":"info","message":"Express server running","service":"user-service","timestamp":"2025-11-12T12:53:12.713Z"}
{"level":"info","message":"Express server running","service":"user-service","timestamp":"2025-11-12T12:53:40.603Z"}
{"level":"info","message":"Express server running","service":"user-service","timestamp":"2025-11-12T12:53:47.395Z"}
{"level":"info","message":"Express server running","service":"user-service","timestamp":"2025-11-12T12:53:51.532Z"}
{"level":"info","message":"Express server running","service":"user-service","timestamp":"2025-11-12T12:54:01.048Z"}
{"level":"info","message":"Express server running","service":"user-service","timestamp":"2025-11-12T12:54:02.768Z"}
{"level":"info","message":"Express server running","service":"user-service","timestamp":"2025-11-12T12:54:48.377Z"}
{"level":"info","message":"Express server running","service":"user-service","timestamp":"2025-11-12T12:54:56.030Z"}
{"level":"info","message":"Express server running","service":"user-service","timestamp":"2025-11-12T12:55:00.750Z"}
{"level":"info","message":"Express server running","service":"user-service","timestamp":"2025-11-12T12:55:38.196Z"}
{"level":"info","message":"Express server running","service":"user-service","timestamp":"2025-11-12T12:56:43.472Z"}
{"level":"info","message":"Express server running","service":"user-service","timestamp":"2025-11-12T12:57:09.425Z"}
{"level":"info","message":"Express server running","service":"user-service","timestamp":"2025-11-12T12:57:32.276Z"}
{"level":"info","message":"Express server running","service":"user-service","timestamp":"2025-11-12T12:58:18.991Z"}
{"level":"info","message":"Express server running","service":"user-service","timestamp":"2025-11-12T13:00:32.662Z"}
{"level":"info","message":"Express server running","service":"user-service","timestamp":"2025-11-12T13:01:32.457Z"}
{"level":"info","message":"Express server running","service":"user-service","timestamp":"2025-11-12T13:01:34.472Z"}
{"level":"info","message":"Express server running","service":"user-service","timestamp":"2025-11-12T13:01:36.639Z"}
{"level":"info","message":"Express server running","service":"user-service","timestamp":"2025-11-12T13:01:39.668Z"}
{"level":"info","message":"Express server running","service":"user-service","timestamp":"2025-11-12T13:01:49.244Z"}
{"level":"info","message":"Express server running","service":"user-service","timestamp":"2025-11-12T13:01:52.309Z"}
{"level":"info","message":"Express server running","service":"user-service","timestamp":"2025-11-12T13:01:53.459Z"}
{"level":"info","message":"Express server running","service":"user-service","timestamp":"2025-11-12T13:02:02.853Z"}
{"level":"info","message":"Express server running","service":"user-service","timestamp":"2025-11-12T13:02:53.729Z"}
{"level":"info","message":"Express server running","service":"user-service","timestamp":"2025-11-12T13:03:03.655Z"}
{"level":"info","message":"Express server running","service":"user-service","timestamp":"2025-11-12T13:03:09.454Z"}
{"level":"info","message":"Express server running","service":"user-service","timestamp":"2025-11-12T13:03:11.978Z"}
{"level":"info","message":"Express server running","service":"user-service","timestamp":"2025-11-12T13:03:14.904Z"}
{"level":"info","message":"Express server running","service":"user-service","timestamp":"2025-11-12T13:03:27.735Z"}
{"level":"info","message":"Express server running","service":"user-service","timestamp":"2025-11-12T13:03:29.467Z"}
{"level":"info","message":"Express server running","service":"user-service","timestamp":"2025-11-12T13:03:31.560Z"}
{"level":"info","message":"Express server running","service":"user-service","timestamp":"2025-11-12T13:03:33.012Z"}
{"level":"info","message":"Express server running","service":"user-service","timestamp":"2025-11-12T13:03:35.206Z"}
{"level":"info","message":"Express server running","service":"user-service","timestamp":"2025-11-12T13:03:39.038Z"}
{"level":"info","message":"Express server running","service":"user-service","timestamp":"2025-11-12T13:03:49.202Z"}
{"level":"info","message":"Express server running","service":"user-service","timestamp":"2025-11-12T13:03:57.294Z"}
{"level":"info","message":"Express server running","service":"user-service","timestamp":"2025-11-12T13:04:10.725Z"}
{"level":"info","message":"Express server running","service":"user-service","timestamp":"2025-11-12T13:04:13.633Z"}
{"level":"info","message":"Express server running","service":"user-service","timestamp":"2025-11-12T13:04:28.076Z"}
{"level":"info","message":"Express server running","service":"user-service","timestamp":"2025-11-12T13:04:31.652Z"}
{"level":"info","message":"Express server running","service":"user-service","timestamp":"2025-11-12T13:04:33.545Z"}
{"level":"info","message":"Express server running","service":"user-service","timestamp":"2025-11-12T13:04:35.863Z"}
{"level":"info","message":"Express server running","service":"user-service","timestamp":"2025-11-12T13:04:41.203Z"}
{"level":"info","message":"Express server running","service":"user-service","timestamp":"2025-11-12T13:04:54.414Z"}
{"level":"info","message":"Express server running","service":"user-service","timestamp":"2025-11-12T13:05:09.668Z"}
{"level":"info","message":"Express server running","service":"user-service","timestamp":"2025-11-12T13:05:11.569Z"}
{"level":"info","message":"Express server running","service":"user-service","timestamp":"2025-11-12T13:05:15.249Z"}
{"level":"info","message":"Express server running","service":"user-service","timestamp":"2025-11-12T13:05:20.432Z"}
{"level":"info","message":"Express server running","service":"user-service","timestamp":"2025-11-12T13:05:23.585Z"}
{"level":"info","message":"Express server running","service":"user-service","timestamp":"2025-11-12T13:05:25.738Z"}
{"level":"info","message":"Express server running","service":"user-service","timestamp":"2025-11-12T13:05:32.218Z"}
{"level":"info","message":"Express server running","service":"user-service","timestamp":"2025-11-12T13:05:44.201Z"}
{"level":"info","message":"Express server running","service":"user-service","timestamp":"2025-11-12T13:05:45.364Z"}
{"level":"info","message":"Express server running","service":"user-service","timestamp":"2025-11-12T13:06:25.539Z"}
{"level":"info","message":"Express server running","service":"user-service","timestamp":"2025-11-12T13:06:33.524Z"}
{"level":"info","message":"Express server running","service":"user-service","timestamp":"2025-11-12T13:06:35.501Z"}
{"level":"info","message":"Express server running","service":"user-service","timestamp":"2025-11-12T13:06:41.145Z"}
{"level":"info","message":"Express server running","service":"user-service","timestamp":"2025-11-12T13:06:45.486Z"}
{"level":"info","message":"Express server running","service":"user-service","timestamp":"2025-11-12T13:06:56.931Z"}
{"level":"info","message":"Express server running","service":"user-service","timestamp":"2025-11-12T13:07:04.751Z"}
{"level":"info","message":"Express server running","service":"user-service","timestamp":"2025-11-12T13:07:09.523Z"}
{"level":"info","message":"Express server running","service":"user-service","timestamp":"2025-11-12T13:07:13.203Z"}
{"level":"info","message":"Express server running","service":"user-service","timestamp":"2025-11-12T13:07:15.785Z"}
{"level":"info","message":"Express server running","service":"user-service","timestamp":"2025-11-12T13:07:17.341Z"}
{"level":"info","message":"Express server running","service":"user-service","timestamp":"2025-11-12T13:07:19.215Z"}
{"level":"info","message":"Express server running","service":"user-service","timestamp":"2025-11-12T13:07:24.132Z"}
{"level":"info","message":"Express server running","service":"user-service","timestamp":"2025-11-12T13:07:27.873Z"}
{"level":"info","message":"Express server running","service":"user-service","timestamp":"2025-11-12T13:07:36.705Z"}
{"level":"info","message":"Express server running","service":"user-service","timestamp":"2025-11-12T13:07:56.253Z"}
{"level":"info","message":"Express server running","service":"user-service","timestamp":"2025-11-12T13:09:44.844Z"}
{"level":"info","message":"Express server running","service":"user-service","timestamp":"2025-11-12T13:10:01.158Z"}
{"level":"info","message":"Express server running","service":"user-service","timestamp":"2025-11-12T13:10:05.203Z"}
{"level":"info","message":"Express server running","service":"user-service","timestamp":"2025-11-12T13:10:54.647Z"}
{"level":"info","message":"Express server running","service":"user-service","timestamp":"2025-11-12T13:11:57.555Z"}
{"level":"info","message":"Express server running","service":"user-service","timestamp":"2025-11-12T13:12:17.207Z"}
{"level":"info","message":"Express server running","service":"user-service","timestamp":"2025-11-12T13:12:34.285Z"}
{"level":"info","message":"Express server running","service":"user-service","timestamp":"2025-11-12T13:13:43.924Z"}
{"level":"info","message":"Express server running","service":"user-service","timestamp":"2025-11-12T13:13:52.236Z"}
{"level":"info","message":"Express server running","service":"user-service","timestamp":"2025-11-12T13:14:29.489Z"}
{"level":"info","message":"Express server running","service":"user-service","timestamp":"2025-11-12T13:14:39.877Z"}
{"level":"info","message":"Express server running","service":"user-service","timestamp":"2025-11-12T13:15:21.793Z"}
{"level":"info","message":"Express server running","service":"user-service","timestamp":"2025-11-12T13:15:23.602Z"}
{"level":"info","message":"Express server running","service":"user-service","timestamp":"2025-11-12T13:15:26.351Z"}
{"level":"info","message":"Express server running","service":"user-service","timestamp":"2025-11-12T13:15:54.554Z"}
{"level":"info","message":"Express server running","service":"user-service","timestamp":"2025-11-12T13:15:56.149Z"}
{"level":"info","message":"Express server running","service":"user-service","timestamp":"2025-11-12T13:15:57.549Z"}
{"level":"info","message":"Express server running","service":"user-service","timestamp":"2025-11-12T13:16:36.887Z"}
{"level":"info","message":"Express server running","service":"user-service","timestamp":"2025-11-12T13:16:53.105Z"}
{"level":"info","message":"Express server running","service":"user-service","timestamp":"2025-11-12T13:17:11.681Z"}
{"level":"info","message":"Express server running","service":"user-service","timestamp":"2025-11-12T13:19:00.600Z"}
{"level":"info","message":"Express server running","service":"user-service","timestamp":"2025-11-12T13:19:04.718Z"}
{"level":"info","message":"Express server running","service":"user-service","timestamp":"2025-11-12T13:19:21.159Z"}
{"level":"info","message":"Express server running","service":"user-service","timestamp":"2025-11-12T13:19:29.353Z"}
{"level":"info","message":"Express server running","service":"user-service","timestamp":"2025-11-12T13:19:33.565Z"}
{"level":"info","message":"Express server running","service":"user-service","timestamp":"2025-11-12T13:19:36.112Z"}
{"level":"info","message":"Express server running","service":"user-service","timestamp":"2025-11-12T13:19:38.432Z"}
{"level":"info","message":"Express server running","service":"user-service","timestamp":"2025-11-12T13:19:40.245Z"}
{"level":"info","message":"Express server running","service":"user-service","timestamp":"2025-11-12T13:19:44.723Z"}
{"level":"info","message":"Express server running","service":"user-service","timestamp":"2025-11-12T13:19:53.413Z"}
{"level":"info","message":"Express server running","service":"user-service","timestamp":"2025-11-12T13:19:54.651Z"}
{"level":"info","message":"Express server running","service":"user-service","timestamp":"2025-11-12T13:20:00.306Z"}
{"level":"info","message":"Express server running","service":"user-service","timestamp":"2025-11-12T13:20:01.369Z"}
{"level":"info","message":"Express server running","service":"user-service","timestamp":"2025-11-12T13:20:07.747Z"}
{"level":"info","message":"Express server running","service":"user-service","timestamp":"2025-11-12T13:20:20.294Z"}
{"level":"info","message":"Express server running","service":"user-service","timestamp":"2025-11-12T13:20:59.005Z"}
{"level":"info","message":"Express server running","service":"user-service","timestamp":"2025-11-12T13:21:14.701Z"}
{"level":"info","message":"Express server running","service":"user-service","timestamp":"2025-11-12T13:21:17.873Z"}
{"level":"info","message":"Express server running","service":"user-service","timestamp":"2025-11-12T13:21:20.421Z"}
{"level":"info","message":"Express server running","service":"user-service","timestamp":"2025-11-12T13:21:22.701Z"}
{"level":"info","message":"Express server running","service":"user-service","timestamp":"2025-11-12T14:36:29.478Z"}
{"level":"info","message":"Express server running","service":"user-service","timestamp":"2025-11-12T16:08:32.460Z"}
{"level":"info","message":"Express server running","service":"user-service","timestamp":"2025-11-13T08:57:07.326Z"}
{"level":"info","message":"Express server running","service":"user-service","timestamp":"2025-11-17T14:28:23.893Z"}
{"level":"info","message":"Express server running","service":"user-service","timestamp":"2025-11-17T15:48:51.756Z"}
{"level":"info","message":"Express server running","service":"user-service","timestamp":"2025-11-17T16:53:34.725Z"}
